<?xml version="1.0" encoding="UTF-8"?>
<testsuite name="com.bridgelabz.UserNameTest" tests="1" skipped="0" failures="0" errors="0" timestamp="2019-11-22T11:39:04" hostname="admin1-LIVA-Z2V" time="0.003">
  <properties/>
  <testcase name="givenFirstName_WhenLessThanThree_ShouldReturnFalse" classname="com.bridgelabz.UserNameTest" time="0.003"/>
  <system-out><![CDATA[]]></system-out>
  <system-err><![CDATA[]]></system-err>
</testsuite>
