<?xml version="1.0" encoding="UTF-8"?>
<testsuite name="com.bridgelabz.PasswordTest" tests="11" skipped="0" failures="0" errors="0" timestamp="2019-11-23T05:23:23" hostname="admin1-LIVA-Z2V" time="0.056">
  <properties/>
  <testcase name="passwordTest[0]" classname="com.bridgelabz.PasswordTest" time="0.008"/>
  <testcase name="passwordTest[1]" classname="com.bridgelabz.PasswordTest" time="0.003"/>
  <testcase name="passwordTest[2]" classname="com.bridgelabz.PasswordTest" time="0.002"/>
  <testcase name="passwordTest[3]" classname="com.bridgelabz.PasswordTest" time="0.002"/>
  <testcase name="passwordTest[4]" classname="com.bridgelabz.PasswordTest" time="0.009"/>
  <testcase name="passwordTest[5]" classname="com.bridgelabz.PasswordTest" time="0.001"/>
  <testcase name="passwordTest[6]" classname="com.bridgelabz.PasswordTest" time="0.0"/>
  <testcase name="passwordTest[7]" classname="com.bridgelabz.PasswordTest" time="0.003"/>
  <testcase name="passwordTest[8]" classname="com.bridgelabz.PasswordTest" time="0.001"/>
  <testcase name="passwordTest[9]" classname="com.bridgelabz.PasswordTest" time="0.0"/>
  <testcase name="passwordTest[10]" classname="com.bridgelabz.PasswordTest" time="0.01"/>
  <system-out><![CDATA[ Result for Password@123 is : true
 Result for passWord@123 is : true
 Result for @passWord123 is : true
 Result for pass@123Word is : true
 Result for @123Password is : true
 Result for 123Password@ is : true
 Result for mahi is : false
 Result for mahendrakundara is : false
 Result for MAHENDRA@123 is : false
 Result for Mahendra is : false
 Result for 123456789 is : false
]]></system-out>
  <system-err><![CDATA[]]></system-err>
</testsuite>
